adh Dophadola.pdf - size 64.6 MB exceeds max 15 MB
nyn RUNYANKOLE-RUKIGA S3.pdf - size 39.1 MB exceeds max 15 MB
ach Pale Malo-acholi.pdf - size 40.0 MB exceeds max 15 MB
nyo Engeso-runyoro.pdf - size 58.0 MB exceeds max 15 MB
teo Amisiri kosi araito.pdf - size 28.2 MB exceeds max 15 MB
teo An Introduction to the Ateso Language -- J_ H_ Hilders, J_ C_ D_ Lawrance -- 1957.pdf - size 22.3 MB exceeds max 15 MB
nyo Runyoro - Rutooro.pdf - size 62.0 MB exceeds max 15 MB
laj Practical_Lango_Grammar.pdf - size 39.5 MB exceeds max 15 MB
nyn Runyankole - Rukiga S1.pdf - size 61.4 MB exceeds max 15 MB
eng Useful Trees and Shrubs for Uganda - Gilbert Yiga.pdf - size 40.3 MB exceeds max 15 MB
eng Uganda the Bradt travel guide - Philip Briggs.pdf - size 45.3 MB exceeds max 15 MB
nyn OMUTEIZI OMURI BUGYEREZA-runyankore.pdf - size 38.7 MB exceeds max 15 MB
nyn RUNYANKOLE RUKIGA S2.pdf - size 42.3 MB exceeds max 15 MB
ach Lak Tar-acholi.pdf - size 47.7 MB exceeds max 15 MB
swa The Rough Guide to Swahili Dictionary Phrasebook 2 (2001, Rough Guides).pdf - size 19.0 MB exceeds max 15 MB
kin Kinyarwanda dictionary 2006.pdf - Too many pages
lug kpz A Morphological Analysis of Borrowed Nouns from Luganda to Kupsabiny.pdf - ❌ Exceeded retries due to repeated errors.
eng_The_role_of_applicative_morphology_in_ma_1.pdf - ❌ Exceeded retries due to repeated errors.
lug OMULIMU GWA PAPA-luganda.pdf - size 43.8 MB exceeds max 15 MB
bfa Bari, The tonal grammar of (Yokwe).pdf - size 19.6 MB exceeds max 15 MB
lgg Lugbarati.pdf - size 69.2 MB exceeds max 15 MB
lug Mbayiwa-luganda.pdf - size 47.5 MB exceeds max 15 MB
lug PAWULO KIRIMUTU-luganda.pdf - size 37.4 MB exceeds max 15 MB
rub Lugungu_Kande_s_Story_student_s_guide_First_Ed.pdf - size 16.8 MB exceeds max 15 MB
tlj Lubwisi_Kabonesa_3rd_Ed_2016.pdf - size 18.3 MB exceeds max 15 MB
lgg O_du Amani Pati-lugbara.pdf - size 31.1 MB exceeds max 15 MB
ach LEB ACOLI BOOK.pdf - size 26.7 MB exceeds max 15 MB
ach acholi dictionary (adonga 2005) complete scan - John Quinn.pdf - size 183.3 MB exceeds max 15 MB
xog LUSOGA BOOK.pdf - size 24.8 MB exceeds max 15 MB
teo Ere keeya a Nause.pdf - size 23.0 MB exceeds max 15 MB
nyo Runyoro - Rutooro.pdf - API error occurred: Status 502 Content-Type text/html. Body: <html>
<head><title>502 Bad Gateway</title></head>
<body>
<center><h1>502 Bad Gateway</h1></center>
<hr><center>cloudflare</center>
</body>
</html>
nyo Runyoro - Rutooro.pdf - No OCR result
kin Kinyarwanda dictionary 2006.pdf - API error occurred: Status 400. Body: {"object":"error","message":"This document has 1082 pages, which is more than the maximum allowed of 1000.","type":"document_parser_too_many_pages","param":null,"code":"3730","raw_status_code":400}
kin Kinyarwanda dictionary 2006.pdf - No OCR result
ach acholi dictionary (adonga 2005) complete scan - John Quinn.pdf - API error occurred: Status 502 Content-Type text/html. Body: <html>
<head><title>502 Bad Gateway</title></head>
<body>
<center><h1>502 Bad Gateway</h1></center>
<hr><center>cloudflare</center>
</body>
</html>
ach acholi dictionary (adonga 2005) complete scan - John Quinn.pdf - No OCR result
kin Kinyarwanda dictionary 2006.pdf - API error occurred: Status 400. Body: {"object":"error","message":"This document has 1082 pages, which is more than the maximum allowed of 1000.","type":"document_parser_too_many_pages","param":null,"code":"3730","raw_status_code":400}
kin Kinyarwanda dictionary 2006.pdf - No OCR result
ach acholi dictionary (adonga 2005) complete scan - John Quinn.pdf - API error occurred: Status 502 Content-Type text/html. Body: <html>
<head><title>502 Bad Gateway</title></head>
<body>
<center><h1>502 Bad Gateway</h1></center>
<hr><center>cloudflare</center>
</body>
</html>
kin Kinyarwanda dictionary 2006.pdf - API error occurred: Status 400. Body: {"object":"error","message":"This document has 1082 pages, which is more than the maximum allowed of 1000.","type":"document_parser_too_many_pages","param":null,"code":"3730","raw_status_code":400}
kin Kinyarwanda dictionary 2006.pdf - No OCR result
kin Kinyarwanda dictionary 2006.pdf - API error occurred: Status 400. Body: {"object":"error","message":"This document has 1082 pages, which is more than the maximum allowed of 1000.","type":"document_parser_too_many_pages","param":null,"code":"3730","raw_status_code":400}
kin Kinyarwanda dictionary 2006.pdf - No OCR result
kin Kinyarwanda dictionary 2006.pdf - API error occurred: Status 400. Body: {"object":"error","message":"This document has 1082 pages, which is more than the maximum allowed of 1000.","type":"document_parser_too_many_pages","param":null,"code":"3730","raw_status_code":400}
kin Kinyarwanda dictionary 2006.pdf - No OCR result
kin Kinyarwanda dictionary 2006.pdf - API error occurred: Status 400. Body: {"object":"error","message":"This document has 1082 pages, which is more than the maximum allowed of 1000.","type":"document_parser_too_many_pages","param":null,"code":"3730","raw_status_code":400}
kin Kinyarwanda dictionary 2006.pdf - No OCR result
kin Kinyarwanda dictionary 2006.pdf - API error occurred: Status 400. Body: {"object":"error","message":"This document has 1082 pages, which is more than the maximum allowed of 1000.","type":"document_parser_too_many_pages","param":null,"code":"3730","raw_status_code":400}
kin Kinyarwanda dictionary 2006.pdf - API error occurred: Status 400. Body: {"object":"error","message":"This document has 1082 pages, which is more than the maximum allowed of 1000.","type":"document_parser_too_many_pages","param":null,"code":"3730","raw_status_code":400}
kin Kinyarwanda dictionary 2006.pdf - API error occurred: Status 400. Body: {"object":"error","message":"This document has 1082 pages, which is more than the maximum allowed of 1000.","type":"document_parser_too_many_pages","param":null,"code":"3730","raw_status_code":400}
kin Kinyarwanda dictionary 2006.pdf - API error occurred: Status 400. Body: {"object":"error","message":"This document has 1082 pages, which is more than the maximum allowed of 1000.","type":"document_parser_too_many_pages","param":null,"code":"3730","raw_status_code":400}
ewe-Ewe-Bible-(book).pdf - API error occurred: Status 400. Body: {"object":"error","message":"This document has 1039 pages, which is more than the maximum allowed of 1000.","type":"document_parser_too_many_pages","param":null,"code":"3730","raw_status_code":400}
ewe-Ewe-Bible-(book).pdf - API error occurred: Status 400. Body: {"object":"error","message":"This document has 1039 pages, which is more than the maximum allowed of 1000.","type":"document_parser_too_many_pages","param":null,"code":"3730","raw_status_code":400}
ewe-Ewe-Bible-(book).pdf - API error occurred: Status 503 Content-Type "text/plain; charset=UTF-8". Body: upstream connect error or disconnect/reset before headers. reset reason: overflow
ewe-Ewe-Bible-(book).pdf - API error occurred: Status 400. Body: {"object":"error","message":"This document has 1039 pages, which is more than the maximum allowed of 1000.","type":"document_parser_too_many_pages","param":null,"code":"3730","raw_status_code":400}
ewe-Ewe-Bible-(book).pdf - API error occurred: Status 400. Body: {"object":"error","message":"This document has 1039 pages, which is more than the maximum allowed of 1000.","type":"document_parser_too_many_pages","param":null,"code":"3730","raw_status_code":400}
